  main.cpp
C:\Programming\Learning Curve\SFML\Ping Pong game\Ping Pong game\main.cpp(59,38): warning C4244: 'argument': conversion from 'int' to 'T', possible loss of data
C:\Programming\Learning Curve\SFML\Ping Pong game\Ping Pong game\main.cpp(59,38): warning C4244:         with
C:\Programming\Learning Curve\SFML\Ping Pong game\Ping Pong game\main.cpp(59,38): warning C4244:         [
C:\Programming\Learning Curve\SFML\Ping Pong game\Ping Pong game\main.cpp(59,38): warning C4244:             T=float
C:\Programming\Learning Curve\SFML\Ping Pong game\Ping Pong game\main.cpp(59,38): warning C4244:         ]
C:\Programming\Learning Curve\SFML\Ping Pong game\Ping Pong game\main.cpp(63,45): warning C4244: 'argument': conversion from 'int' to 'T', possible loss of data
C:\Programming\Learning Curve\SFML\Ping Pong game\Ping Pong game\main.cpp(63,45): warning C4244:         with
C:\Programming\Learning Curve\SFML\Ping Pong game\Ping Pong game\main.cpp(63,45): warning C4244:         [
C:\Programming\Learning Curve\SFML\Ping Pong game\Ping Pong game\main.cpp(63,45): warning C4244:             T=float
C:\Programming\Learning Curve\SFML\Ping Pong game\Ping Pong game\main.cpp(63,45): warning C4244:         ]
C:\Programming\Learning Curve\SFML\Ping Pong game\Ping Pong game\main.cpp(63,39): warning C4244: 'argument': conversion from 'int' to 'T', possible loss of data
C:\Programming\Learning Curve\SFML\Ping Pong game\Ping Pong game\main.cpp(63,39): warning C4244:         with
C:\Programming\Learning Curve\SFML\Ping Pong game\Ping Pong game\main.cpp(63,39): warning C4244:         [
C:\Programming\Learning Curve\SFML\Ping Pong game\Ping Pong game\main.cpp(63,39): warning C4244:             T=float
C:\Programming\Learning Curve\SFML\Ping Pong game\Ping Pong game\main.cpp(63,39): warning C4244:         ]
C:\Programming\Learning Curve\SFML\Ping Pong game\Ping Pong game\main.cpp(68,28): warning C4244: 'argument': conversion from 'int' to 'float', possible loss of data
C:\Programming\Learning Curve\SFML\Ping Pong game\Ping Pong game\main.cpp(73,31): warning C4244: 'argument': conversion from 'int' to 'float', possible loss of data
C:\Programming\Learning Curve\SFML\Ping Pong game\Ping Pong game\main.cpp(78,37): warning C4244: 'argument': conversion from 'int' to 'float', possible loss of data
C:\Programming\Learning Curve\SFML\Ping Pong game\Ping Pong game\main.cpp(78,28): warning C4244: 'argument': conversion from 'int' to 'float', possible loss of data
C:\Programming\Learning Curve\SFML\Ping Pong game\Ping Pong game\main.cpp(151,39): warning C4244: 'argument': conversion from 'int' to 'float', possible loss of data
C:\Programming\Learning Curve\SFML\Ping Pong game\Ping Pong game\main.cpp(151,30): warning C4244: 'argument': conversion from 'int' to 'float', possible loss of data
C:\Programming\Learning Curve\SFML\Ping Pong game\Ping Pong game\main.cpp(159,43): warning C4244: 'argument': conversion from 'int' to 'float', possible loss of data
C:\Programming\Learning Curve\SFML\Ping Pong game\Ping Pong game\main.cpp(159,31): warning C4244: 'argument': conversion from 'int' to 'float', possible loss of data
C:\Programming\Learning Curve\SFML\Ping Pong game\Ping Pong game\main.cpp(162,26): warning C4244: 'argument': conversion from 'int' to 'float', possible loss of data
C:\Programming\Learning Curve\SFML\Ping Pong game\Ping Pong game\main.cpp(162,17): warning C4244: 'argument': conversion from 'int' to 'float', possible loss of data
C:\Programming\Learning Curve\SFML\Ping Pong game\Ping Pong game\main.cpp(178,15): warning C4244: 'argument': conversion from 'int' to 'float', possible loss of data
C:\Programming\Learning Curve\SFML\Ping Pong game\Ping Pong game\main.cpp(188,16): warning C4244: 'argument': conversion from 'int' to 'float', possible loss of data
  Generating code
  1 of 124 functions ( 0.8%) were compiled, the rest were copied from previous compilation.
    0 functions were new in current compilation
    5 functions had inline decision re-evaluated but remain unchanged
  Finished generating code
  Ping Pong game.vcxproj -> C:\Programming\Learning Curve\SFML\Ping Pong game\x64\Release\Ping Pong game.exe
